0 info it worked if it ends with ok
1 verbose cli [ 'e:\\NodeJs\\node.exe',
1 verbose cli   'e:\\NodeJs\\node_modules\\npm\\bin\\npm-cli.js',
1 verbose cli   'start' ]
2 info using npm@3.3.12
3 info using node@v5.3.0
4 verbose run-script [ 'prestart', 'start', 'poststart' ]
5 info lifecycle examsystem@0.0.0~prestart: examsystem@0.0.0
6 silly lifecycle examsystem@0.0.0~prestart: no script for prestart, continuing
7 info lifecycle examsystem@0.0.0~start: examsystem@0.0.0
8 verbose lifecycle examsystem@0.0.0~start: unsafe-perm in lifecycle true
9 verbose lifecycle examsystem@0.0.0~start: PATH: e:\NodeJs\node_modules\npm\bin\node-gyp-bin;e:\github\examsystem\node_modules\.bin;c:\Users\szy00_000\bin;.;F:\Tool\Git\local\bin;F:\Tool\Git\mingw\bin;F:\Tool\Git\bin;F:\Tool\Git\bin;c:\ProgramData\Oracle\Java\javapath;e:\Python27\;e:\Python27\Scripts;c:\Java\jdk7_x86\jdk7_x86\bin;c:\Program Files (x86)\NVIDIA Corporation\PhysX\Common;c:\Program Files (x86)\Intel\iCLS Client\;c:\Program Files\Intel\iCLS Client\;c:\Windows\system32;c:\Windows;c:\Windows\System32\Wbem;c:\Windows\System32\WindowsPowerShell\v1.0\;c:\Program Files\Intel\Intel(R) Management Engine Components\DAL;c:\Program Files (x86)\Intel\Intel(R) Management Engine Components\DAL;c:\Program Files\Intel\Intel(R) Management Engine Components\IPT;c:\Program Files (x86)\Intel\Intel(R) Management Engine Components\IPT;e:\SVN\bin;c:\Java\jdk7_x86\bin;c:\Java\jdk7_x86\jre\bin;e:\mySQL\mysql\bin;%CATALINA_HOME%\lib;%CATALINA_HOME%\bin;c:\Program Files\Microsoft SQL Server\110\Tools\Binn\;c:\Program Files (x86)\Microsoft SQL Server\110\Tools\Binn\;c:\Program Files\Microsoft SQL Server\110\DTS\Binn\;c:\Program Files (x86)\Microsoft SQL Server\110\Tools\Binn\ManagementStudio\;c:\Program Files (x86)\Microsoft Visual Studio 10.0\Common7\IDE\PrivateAssemblies\;c:\Program Files (x86)\Microsoft SQL Server\110\DTS\Binn\;f:\Tool\Calibre\;f:\Tool\calibre-32\;e:\NodeJs\;F:\Tool\Git\bin\;e:\github\outer\nvmw\nvmw\;c:\Users\szy00_000\AppData\Roaming\npm
10 verbose lifecycle examsystem@0.0.0~start: CWD: e:\github\examsystem
11 silly lifecycle examsystem@0.0.0~start: Args: [ '/d /s /c', 'node ./bin/www' ]
12 silly lifecycle examsystem@0.0.0~start: Returned: code: 1  signal: null
13 info lifecycle examsystem@0.0.0~start: Failed to exec start script
14 verbose stack Error: examsystem@0.0.0 start: `node ./bin/www`
14 verbose stack Exit status 1
14 verbose stack     at EventEmitter.<anonymous> (e:\NodeJs\node_modules\npm\lib\utils\lifecycle.js:232:16)
14 verbose stack     at emitTwo (events.js:87:13)
14 verbose stack     at EventEmitter.emit (events.js:172:7)
14 verbose stack     at ChildProcess.<anonymous> (e:\NodeJs\node_modules\npm\lib\utils\spawn.js:24:14)
14 verbose stack     at emitTwo (events.js:87:13)
14 verbose stack     at ChildProcess.emit (events.js:172:7)
14 verbose stack     at maybeClose (internal/child_process.js:818:16)
14 verbose stack     at Process.ChildProcess._handle.onexit (internal/child_process.js:211:5)
15 verbose pkgid examsystem@0.0.0
16 verbose cwd e:\github\examsystem
17 error Windows_NT 6.3.9600
18 error argv "e:\\NodeJs\\node.exe" "e:\\NodeJs\\node_modules\\npm\\bin\\npm-cli.js" "start"
19 error node v5.3.0
20 error npm  v3.3.12
21 error code ELIFECYCLE
22 error examsystem@0.0.0 start: `node ./bin/www`
22 error Exit status 1
23 error Failed at the examsystem@0.0.0 start script 'node ./bin/www'.
23 error Make sure you have the latest version of node.js and npm installed.
23 error If you do, this is most likely a problem with the examsystem package,
23 error not with npm itself.
23 error Tell the author that this fails on your system:
23 error     node ./bin/www
23 error You can get their info via:
23 error     npm owner ls examsystem
23 error There is likely additional logging output above.
24 verbose exit [ 1, true ]
